#
# A fatal error has been detected by the Java Runtime Environment:
#
#  SIGSEGV (0xb) at pc=0x00007fbdd56fbe26, pid=24224, tid=140452636382976
#
# JRE version: OpenJDK Runtime Environment (7.0_95) (build 1.7.0_95-b00)
# Java VM: OpenJDK 64-Bit Server VM (24.95-b01 mixed mode linux-amd64 compressed oops)
# Derivative: IcedTea 2.6.4
# Distribution: Ubuntu 14.04 LTS, package 7u95-2.6.4-0ubuntu0.14.04.2
# Problematic frame:
# V  [libjvm.so+0x947e26]
#
# Failed to write core dump. Core dumps have been disabled. To enable core dumping, try "ulimit -c unlimited" before starting Java again
#
# If you would like to submit a bug report, please include
# instructions on how to reproduce the bug and visit:
#   http://icedtea.classpath.org/bugzilla
#

---------------  T H R E A D  ---------------

Current thread (0x00007fbdcc0b7800):  JavaThread "JDWP Transport Listener: dt_socket" daemon [_thread_in_vm, id=24241, stack(0x00007fbdac3fd000,0x00007fbdad7fe000)]

siginfo:si_signo=SIGSEGV: si_errno=0, si_code=2 (SEGV_ACCERR), si_addr=0x00007fbdd3195ff0

Registers:
RAX=0x00000000eb2f04c8, RBX=0x00007fbdcc00f6f0, RCX=0x000000000013fc9c, RDX=0x000000000013fc9b
RSP=0x00007fbdad7fc170, RBP=0x00007fbdad7fc210, RSI=0x0000000000000000, RDI=0x0000000000000020
R8 =0x00007fbd9a8377f0, R9 =0x0000000002835000, R10=0x0000000000000022, R11=0x0000000098000001
R12=0x00007fbdcc00fcf0, R13=0x00007fbdd3195fe8, R14=0x00007fbdad7fc1b0, R15=0x0000000000000000
RIP=0x00007fbdd56fbe26, EFLAGS=0x0000000000010246, CSGSFS=0x6e69000000000033, ERR=0x0000000000000004
  TRAPNO=0x000000000000000e

Top of Stack: (sp=0x00007fbdad7fc170)
0x00007fbdad7fc170:   00007fbdad7fc1c0 00007fbd99433ca0
0x00007fbdad7fc180:   00007fbdd4592818 00007fbdc90060d8
0x00007fbdad7fc190:   00007fbdc9005310 00007fbd00000000
0x00007fbdad7fc1a0:   00007fbdd45929f8 00007fbdd45929b8
0x00007fbdad7fc1b0:   00007fbdd4592818 00007fbdc90060d8
0x00007fbdad7fc1c0:   00007fbdc9005310 00007fbd00000000
0x00007fbdad7fc1d0:   00007fbdd45929f8 00007fbdd45929b8
0x00007fbdad7fc1e0:   00007fbdad7fc270 00007fbdcc0af9e0
0x00007fbdad7fc1f0:   00007fbdd5b75e98 0000000000000000
0x00007fbdad7fc200:   00007fbd980048e0 00007fbdcc00c800
0x00007fbdad7fc210:   00007fbdad7fc2f0 00007fbdd5452426
0x00007fbdad7fc220:   00007fbdcc00f6f0 00007fbdcc00f6f0
0x00007fbdad7fc230:   00007fbdad7fc250 00007fbdd56fd05e
0x00007fbdad7fc240:   00000000000083b0 0000000100000001
0x00007fbdad7fc250:   00007fbdcc0b7800 00007fbdcc0170c8
0x00007fbdad7fc260:   00007fbdcc00fcf0 00007fbdcc00c800
0x00007fbdad7fc270:   00007fbdcc00f0e0 00007fbdad7fc390
0x00007fbdad7fc280:   00007fbdcc003cc0 00007fbdcc0af9e0
0x00007fbdad7fc290:   00007fbdad7fc2f0 00007fbdd56b88b9
0x00007fbdad7fc2a0:   00007fbdd45927c8 0000000000000001
0x00007fbdad7fc2b0:   00007fbdd5b75e98 00007fbdcc00c800
0x00007fbdad7fc2c0:   00007fbd980048e0 0000000000000001
0x00007fbdad7fc2d0:   00007fbdd5b75e98 00007fbdcc00c800
0x00007fbdad7fc2e0:   00007fbd980048e0 00007fbdcc00f6f0
0x00007fbdad7fc2f0:   00007fbdad7fc980 00007fbdd5452875
0x00007fbdad7fc300:   00000000000003d8 00007fbdcc0af9e0
0x00007fbdad7fc310:   00007fbdad7fc350 00007fbdcc0b84f8
0x00007fbdad7fc320:   00007fbdcc0b8120 00007fbdad7fc390
0x00007fbdad7fc330:   00007fbd980048e0 00007fbdcc0b8110
0x00007fbdad7fc340:   00007fbdcc0b7800 00007fbdcc003cc0
0x00007fbdad7fc350:   00007fbdcc0b7800 00007fbdcc0b8500
0x00007fbdad7fc360:   00007fbdcc0b8540 00007fbdcc0b8550 

Instructions: (pc=0x00007fbdd56fbe26)
0x00007fbdd56fbe06:   89 45 c0 48 8b 43 30 48 89 45 c8 e8 7a 04 bd ff
0x00007fbdd56fbe16:   49 39 c5 0f 82 f9 00 00 00 31 f6 bf 20 00 00 00
0x00007fbdd56fbe26:   4d 8b 7d 08 e8 21 1c f1 ff 48 85 c0 49 89 c0 74
0x00007fbdd56fbe36:   17 4c 89 38 48 c7 40 10 00 00 00 00 4c 89 68 08 

Register to memory mapping:

RAX=0x00000000eb2f04c8 is an oop
java.lang.Error 
 - klass: 'java/lang/Error'
RBX=0x00007fbdcc00f6f0 is an unknown value
RCX=0x000000000013fc9c is an unknown value
RDX=0x000000000013fc9b is an unknown value
RSP=0x00007fbdad7fc170 is pointing into the stack for thread: 0x00007fbdcc0b7800
RBP=0x00007fbdad7fc210 is pointing into the stack for thread: 0x00007fbdcc0b7800
RSI=0x0000000000000000 is an unknown value
RDI=0x0000000000000020 is an unknown value
R8 =0x00007fbd9a8377f0 is an unknown value
R9 =0x0000000002835000 is an unknown value
R10=0x0000000000000022 is an unknown value
R11=0x0000000098000001 is an unknown value
R12=0x00007fbdcc00fcf0 is an unknown value
R13=0x00007fbdd3195fe8 is pointing into the stack for thread: 0x00007fbdcc00c800
R14=0x00007fbdad7fc1b0 is pointing into the stack for thread: 0x00007fbdcc0b7800
R15=0x0000000000000000 is an unknown value


Stack: [0x00007fbdac3fd000,0x00007fbdad7fe000],  sp=0x00007fbdad7fc170,  free space=20476k
Native frames: (J=compiled Java code, j=interpreted, Vv=VM code, C=native code)
V  [libjvm.so+0x947e26]
V  [libjvm.so+0x69e426]
V  [libjvm.so+0x69e875]
V  [libjvm.so+0x693ff6]
V  [libjvm.so+0x6517f6]
C  [libjdwp.so+0x9f26]
C  [libjdwp.so+0x11688]
C  [libjdwp.so+0x23785]
V  [libjvm.so+0x6b0ecb]
V  [libjvm.so+0x906c70]
V  [libjvm.so+0x906ee1]
V  [libjvm.so+0x7cc742]


---------------  P R O C E S S  ---------------

Java Threads: ( => current thread )
  0x00007fbdcc0c3000 JavaThread "Service Thread" daemon [_thread_blocked, id=24249, stack(0x00007fbda03fd000,0x00007fbda17fe000)]
  0x00007fbdcc0c0800 JavaThread "C2 CompilerThread1" daemon [_thread_blocked, id=24248, stack(0x00007fbdc4c81000,0x00007fbdc4d82000)]
  0x00007fbdcc0bd800 JavaThread "C2 CompilerThread0" daemon [_thread_blocked, id=24247, stack(0x00007fbdc4d82000,0x00007fbdc4e83000)]
  0x00007fbd98001000 JavaThread "JDWP Command Reader" daemon [_thread_in_native, id=24245, stack(0x00007fbda17fe000,0x00007fbda2bff000)]
  0x00007fbdcc0bb000 JavaThread "JDWP Event Helper Thread" daemon [_thread_blocked, id=24243, stack(0x00007fbda2bff000,0x00007fbda4000000)]
=>0x00007fbdcc0b7800 JavaThread "JDWP Transport Listener: dt_socket" daemon [_thread_in_vm, id=24241, stack(0x00007fbdac3fd000,0x00007fbdad7fe000)]
  0x00007fbdcc0aa800 JavaThread "Signal Dispatcher" daemon [_thread_blocked, id=24239, stack(0x00007fbdad7fe000,0x00007fbdaebff000)]
  0x00007fbdcc07e800 JavaThread "Finalizer" daemon [_thread_blocked, id=24238, stack(0x00007fbdaebff000,0x00007fbdb0000000)]
  0x00007fbdcc07c800 JavaThread "Reference Handler" daemon [_thread_blocked, id=24237, stack(0x00007fbdc5088000,0x00007fbdc6489000)]
  0x00007fbdcc00c800 JavaThread "main" [_thread_blocked, id=24226, stack(0x00007fbdd3193000,0x00007fbdd4594000)]

Other Threads:
  0x00007fbdcc078000 VMThread [stack: 0x00007fbdc6489000,0x00007fbdc658a000] [id=24236]
  0x00007fbdcc0cd800 WatcherThread [stack: 0x00007fbdc4b80000,0x00007fbdc4c81000] [id=24250]

VM state:not at safepoint (normal execution)

VM Mutex/Monitor currently owned by a thread: None

Heap
 PSYoungGen      total 37376K, used 1290K [0x00000000eb280000, 0x00000000edc00000, 0x0000000100000000)
  eden space 32256K, 4% used [0x00000000eb280000,0x00000000eb3c2960,0x00000000ed200000)
  from space 5120K, 0% used [0x00000000ed700000,0x00000000ed700000,0x00000000edc00000)
  to   space 5120K, 0% used [0x00000000ed200000,0x00000000ed200000,0x00000000ed700000)
 ParOldGen       total 84480K, used 0K [0x00000000c1800000, 0x00000000c6a80000, 0x00000000eb280000)
  object space 84480K, 0% used [0x00000000c1800000,0x00000000c1800000,0x00000000c6a80000)
 PSPermGen       total 21504K, used 2902K [0x00000000b7200000, 0x00000000b8700000, 0x00000000c1800000)
  object space 21504K, 13% used [0x00000000b7200000,0x00000000b74d5af8,0x00000000b8700000)

Card table byte_map: [0x00007fbdd139d000,0x00007fbdd15e5000] byte_map_base: 0x00007fbdd0de4000

Polling page: 0x00007fbdd69f0000

Code Cache  [0x00007fbdc9000000, 0x00007fbdc9270000, 0x00007fbdcc000000)
 total_blobs=159 nmethods=0 adapters=136 free_code_cache=48776Kb largest_free_block=49946752

Compilation events (0 events):
No events

GC Heap History (0 events):
No events

Deoptimization events (0 events):
No events

Internal exceptions (4 events):
Event: 0.091 Thread 0x00007fbdcc00c800 Threw 0x00000000eb28f268 at /build/openjdk-7-HVzwJZ/openjdk-7-7u95-2.6.4/build/openjdk/hotspot/src/share/vm/prims/jni.cpp:4027
Event: 0.258 Thread 0x00007fbdcc00c800 Threw 0x00000000eb2caec8 at /build/openjdk-7-HVzwJZ/openjdk-7-7u95-2.6.4/build/openjdk/hotspot/src/share/vm/prims/jvm.cpp:1322
Event: 0.263 Thread 0x00007fbdcc00c800 Threw 0x00000000eb2e9258 at /build/openjdk-7-HVzwJZ/openjdk-7-7u95-2.6.4/build/openjdk/hotspot/src/share/vm/prims/jvm.cpp:1322
Event: 0.264 Thread 0x00007fbdcc00c800 Threw 0x00000000eb2ecc08 at /build/openjdk-7-HVzwJZ/openjdk-7-7u95-2.6.4/build/openjdk/hotspot/src/share/vm/prims/jvm.cpp:1322

Events (10 events):
Event: 3.946 Executing VM operation: RedefineClasses
Event: 3.946 Executing VM operation: RedefineClasses done
Event: 3.949 Executing VM operation: EnterInterpOnlyMode
Event: 3.949 Executing VM operation: EnterInterpOnlyMode done
Event: 3.949 Executing VM operation: GetCurrentLocation
Event: 3.949 Executing VM operation: GetCurrentLocation done
Event: 3.949 Executing VM operation: ChangeSingleStep
Event: 3.949 Executing VM operation: ChangeSingleStep done
Event: 3.950 Executing VM operation: ChangeSingleStep
Event: 3.950 Executing VM operation: ChangeSingleStep done


Dynamic libraries:
00400000-00401000 r-xp 00000000 08:08 2235129                            /usr/lib/jvm/java-7-openjdk-amd64/jre/bin/java
00600000-00601000 r--p 00000000 08:08 2235129                            /usr/lib/jvm/java-7-openjdk-amd64/jre/bin/java
00601000-00602000 rw-p 00001000 08:08 2235129                            /usr/lib/jvm/java-7-openjdk-amd64/jre/bin/java
0162a000-0164b000 rw-p 00000000 00:00 0                                  [heap]
b7200000-b8700000 rw-p 00000000 00:00 0 
b8700000-c1800000 rw-p 00000000 00:00 0 
c1800000-c6a80000 rw-p 00000000 00:00 0 
c6a80000-eb280000 rw-p 00000000 00:00 0 
eb280000-edc00000 rw-p 00000000 00:00 0 
edc00000-100000000 rw-p 00000000 00:00 0 
7fbd7f5ff000-7fbd80000000 rw-p 00000000 00:00 0 
7fbd80000000-7fbd80021000 rw-p 00000000 00:00 0 
7fbd80021000-7fbd84000000 ---p 00000000 00:00 0 
7fbd84000000-7fbd84021000 rw-p 00000000 00:00 0 
7fbd84021000-7fbd88000000 ---p 00000000 00:00 0 
7fbd88000000-7fbd88021000 rw-p 00000000 00:00 0 
7fbd88021000-7fbd8c000000 ---p 00000000 00:00 0 
7fbd8c000000-7fbd8c021000 rw-p 00000000 00:00 0 
7fbd8c021000-7fbd90000000 ---p 00000000 00:00 0 
7fbd90000000-7fbd90021000 rw-p 00000000 00:00 0 
7fbd90021000-7fbd94000000 ---p 00000000 00:00 0 
7fbd94000000-7fbd94021000 rw-p 00000000 00:00 0 
7fbd94021000-7fbd98000000 ---p 00000000 00:00 0 
7fbd98000000-7fbd9a83f000 rw-p 00000000 00:00 0 
7fbd9a83f000-7fbd9c000000 ---p 00000000 00:00 0 
7fbd9c000000-7fbd9c021000 rw-p 00000000 00:00 0 
7fbd9c021000-7fbda0000000 ---p 00000000 00:00 0 
7fbda03fd000-7fbda0400000 ---p 00000000 00:00 0 
7fbda0400000-7fbda17fe000 rw-p 00000000 00:00 0                          [stack:24249]
7fbda17fe000-7fbda1801000 ---p 00000000 00:00 0 
7fbda1801000-7fbda2bff000 rw-p 00000000 00:00 0                          [stack:24245]
7fbda2bff000-7fbda2c02000 ---p 00000000 00:00 0 
7fbda2c02000-7fbda4000000 rw-p 00000000 00:00 0                          [stack:24243]
7fbda4000000-7fbda4021000 rw-p 00000000 00:00 0 
7fbda4021000-7fbda8000000 ---p 00000000 00:00 0 
7fbda8000000-7fbda8021000 rw-p 00000000 00:00 0 
7fbda8021000-7fbdac000000 ---p 00000000 00:00 0 
7fbdac3fd000-7fbdac400000 ---p 00000000 00:00 0 
7fbdac400000-7fbdad7fe000 rw-p 00000000 00:00 0                          [stack:24241]
7fbdad7fe000-7fbdad801000 ---p 00000000 00:00 0 
7fbdad801000-7fbdaebff000 rw-p 00000000 00:00 0                          [stack:24239]
7fbdaebff000-7fbdaec02000 ---p 00000000 00:00 0 
7fbdaec02000-7fbdb0000000 rw-p 00000000 00:00 0                          [stack:24238]
7fbdb0000000-7fbdb0021000 rw-p 00000000 00:00 0 
7fbdb0021000-7fbdb4000000 ---p 00000000 00:00 0 
7fbdb4000000-7fbdb4021000 rw-p 00000000 00:00 0 
7fbdb4021000-7fbdb8000000 ---p 00000000 00:00 0 
7fbdb8000000-7fbdb8021000 rw-p 00000000 00:00 0 
7fbdb8021000-7fbdbc000000 ---p 00000000 00:00 0 
7fbdbc000000-7fbdbc021000 rw-p 00000000 00:00 0 
7fbdbc021000-7fbdc0000000 ---p 00000000 00:00 0 
7fbdc0000000-7fbdc0021000 rw-p 00000000 00:00 0 
7fbdc0021000-7fbdc4000000 ---p 00000000 00:00 0 
7fbdc41cb000-7fbdc4b80000 rw-p 00000000 00:00 0 
7fbdc4b80000-7fbdc4b81000 ---p 00000000 00:00 0 
7fbdc4b81000-7fbdc4c81000 rw-p 00000000 00:00 0                          [stack:24250]
7fbdc4c81000-7fbdc4c84000 ---p 00000000 00:00 0 
7fbdc4c84000-7fbdc4d82000 rw-p 00000000 00:00 0                          [stack:24248]
7fbdc4d82000-7fbdc4d85000 ---p 00000000 00:00 0 
7fbdc4d85000-7fbdc4e83000 rw-p 00000000 00:00 0                          [stack:24247]
7fbdc4e83000-7fbdc4e87000 r-xp 00000000 08:08 2237944                    /usr/lib/jvm/java-7-openjdk-amd64/jre/lib/amd64/libdt_socket.so
7fbdc4e87000-7fbdc5086000 ---p 00004000 08:08 2237944                    /usr/lib/jvm/java-7-openjdk-amd64/jre/lib/amd64/libdt_socket.so
7fbdc5086000-7fbdc5087000 r--p 00003000 08:08 2237944                    /usr/lib/jvm/java-7-openjdk-amd64/jre/lib/amd64/libdt_socket.so
7fbdc5087000-7fbdc5088000 rw-p 00004000 08:08 2237944                    /usr/lib/jvm/java-7-openjdk-amd64/jre/lib/amd64/libdt_socket.so
7fbdc5088000-7fbdc508b000 ---p 00000000 00:00 0 
7fbdc508b000-7fbdc6489000 rw-p 00000000 00:00 0                          [stack:24237]
7fbdc6489000-7fbdc648a000 ---p 00000000 00:00 0 
7fbdc648a000-7fbdc9000000 rw-p 00000000 00:00 0                          [stack:24236]
7fbdc9000000-7fbdc9270000 rwxp 00000000 00:00 0 
7fbdc9270000-7fbdcc1e6000 rw-p 00000000 00:00 0 
7fbdcc1e6000-7fbdd0000000 ---p 00000000 00:00 0 
7fbdd0007000-7fbdd09dd000 rw-p 00000000 00:00 0 
7fbdd09dd000-7fbdd0b8e000 r--s 01d30000 08:08 2237977                    /usr/lib/jvm/java-7-openjdk-amd64/jre/lib/rt.jar
7fbdd0b8e000-7fbdd0e4b000 rw-p 00000000 00:00 0 
7fbdd0e4b000-7fbdd0e4c000 ---p 00000000 00:00 0 
7fbdd0e4c000-7fbdd0f4c000 rw-p 00000000 00:00 0                          [stack:24234]
7fbdd0f4c000-7fbdd0f4d000 ---p 00000000 00:00 0 
7fbdd0f4d000-7fbdd104d000 rw-p 00000000 00:00 0                          [stack:24233]
7fbdd104d000-7fbdd104e000 ---p 00000000 00:00 0 
7fbdd104e000-7fbdd114e000 rw-p 00000000 00:00 0                          [stack:24232]
7fbdd114e000-7fbdd114f000 ---p 00000000 00:00 0 
7fbdd114f000-7fbdd1279000 rw-p 00000000 00:00 0                          [stack:24231]
7fbdd1279000-7fbdd139d000 rw-p 00000000 00:00 0 
7fbdd139d000-7fbdd13a8000 rw-p 00000000 00:00 0 
7fbdd13a8000-7fbdd13f0000 rw-p 00000000 00:00 0 
7fbdd13f0000-7fbdd141a000 rw-p 00000000 00:00 0 
7fbdd141a000-7fbdd153d000 rw-p 00000000 00:00 0 
7fbdd153d000-7fbdd1552000 rw-p 00000000 00:00 0 
7fbdd1552000-7fbdd15e4000 rw-p 00000000 00:00 0 
7fbdd15e4000-7fbdd15e5000 rw-p 00000000 00:00 0 
7fbdd15e5000-7fbdd15ed000 r-xp 00000000 08:08 2235424                    /usr/lib/jvm/java-7-openjdk-amd64/jre/lib/amd64/libzip.so
7fbdd15ed000-7fbdd17ec000 ---p 00008000 08:08 2235424                    /usr/lib/jvm/java-7-openjdk-amd64/jre/lib/amd64/libzip.so
7fbdd17ec000-7fbdd17ed000 r--p 00007000 08:08 2235424                    /usr/lib/jvm/java-7-openjdk-amd64/jre/lib/amd64/libzip.so
7fbdd17ed000-7fbdd17ee000 rw-p 00008000 08:08 2235424                    /usr/lib/jvm/java-7-openjdk-amd64/jre/lib/amd64/libzip.so
7fbdd17ee000-7fbdd17f9000 r-xp 00000000 08:08 3937337                    /lib/x86_64-linux-gnu/libnss_files-2.19.so
7fbdd17f9000-7fbdd19f8000 ---p 0000b000 08:08 3937337                    /lib/x86_64-linux-gnu/libnss_files-2.19.so
7fbdd19f8000-7fbdd19f9000 r--p 0000a000 08:08 3937337                    /lib/x86_64-linux-gnu/libnss_files-2.19.so
7fbdd19f9000-7fbdd19fa000 rw-p 0000b000 08:08 3937337                    /lib/x86_64-linux-gnu/libnss_files-2.19.so
7fbdd19fa000-7fbdd1a05000 r-xp 00000000 08:08 3933136                    /lib/x86_64-linux-gnu/libnss_nis-2.19.so
7fbdd1a05000-7fbdd1c04000 ---p 0000b000 08:08 3933136                    /lib/x86_64-linux-gnu/libnss_nis-2.19.so
7fbdd1c04000-7fbdd1c05000 r--p 0000a000 08:08 3933136                    /lib/x86_64-linux-gnu/libnss_nis-2.19.so
7fbdd1c05000-7fbdd1c06000 rw-p 0000b000 08:08 3933136                    /lib/x86_64-linux-gnu/libnss_nis-2.19.so
7fbdd1c06000-7fbdd1c1d000 r-xp 00000000 08:08 3933132                    /lib/x86_64-linux-gnu/libnsl-2.19.so
7fbdd1c1d000-7fbdd1e1c000 ---p 00017000 08:08 3933132                    /lib/x86_64-linux-gnu/libnsl-2.19.so
7fbdd1e1c000-7fbdd1e1d000 r--p 00016000 08:08 3933132                    /lib/x86_64-linux-gnu/libnsl-2.19.so
7fbdd1e1d000-7fbdd1e1e000 rw-p 00017000 08:08 3933132                    /lib/x86_64-linux-gnu/libnsl-2.19.so
7fbdd1e1e000-7fbdd1e20000 rw-p 00000000 00:00 0 
7fbdd1e20000-7fbdd1e29000 r-xp 00000000 08:08 3933131                    /lib/x86_64-linux-gnu/libnss_compat-2.19.so
7fbdd1e29000-7fbdd2028000 ---p 00009000 08:08 3933131                    /lib/x86_64-linux-gnu/libnss_compat-2.19.so
7fbdd2028000-7fbdd2029000 r--p 00008000 08:08 3933131                    /lib/x86_64-linux-gnu/libnss_compat-2.19.so
7fbdd2029000-7fbdd202a000 rw-p 00009000 08:08 3933131                    /lib/x86_64-linux-gnu/libnss_compat-2.19.so
7fbdd202a000-7fbdd270c000 r--p 00000000 08:08 923286                     /usr/lib/locale/locale-archive
7fbdd270c000-7fbdd270e000 r-xp 00000000 08:08 2235359                    /usr/lib/jvm/java-7-openjdk-amd64/jre/lib/amd64/libnpt.so
7fbdd270e000-7fbdd290e000 ---p 00002000 08:08 2235359                    /usr/lib/jvm/java-7-openjdk-amd64/jre/lib/amd64/libnpt.so
7fbdd290e000-7fbdd290f000 r--p 00002000 08:08 2235359                    /usr/lib/jvm/java-7-openjdk-amd64/jre/lib/amd64/libnpt.so
7fbdd290f000-7fbdd2910000 rw-p 00003000 08:08 2235359                    /usr/lib/jvm/java-7-openjdk-amd64/jre/lib/amd64/libnpt.so
7fbdd2910000-7fbdd294a000 r-xp 00000000 08:08 2235363                    /usr/lib/jvm/java-7-openjdk-amd64/jre/lib/amd64/libjdwp.so
7fbdd294a000-7fbdd2b49000 ---p 0003a000 08:08 2235363                    /usr/lib/jvm/java-7-openjdk-amd64/jre/lib/amd64/libjdwp.so
7fbdd2b49000-7fbdd2b4a000 r--p 00039000 08:08 2235363                    /usr/lib/jvm/java-7-openjdk-amd64/jre/lib/amd64/libjdwp.so
7fbdd2b4a000-7fbdd2b4b000 rw-p 0003a000 08:08 2235363                    /usr/lib/jvm/java-7-openjdk-amd64/jre/lib/amd64/libjdwp.so
7fbdd2b4b000-7fbdd2b76000 r-xp 00000000 08:08 2235389                    /usr/lib/jvm/java-7-openjdk-amd64/jre/lib/amd64/libjava.so
7fbdd2b76000-7fbdd2d76000 ---p 0002b000 08:08 2235389                    /usr/lib/jvm/java-7-openjdk-amd64/jre/lib/amd64/libjava.so
7fbdd2d76000-7fbdd2d77000 r--p 0002b000 08:08 2235389                    /usr/lib/jvm/java-7-openjdk-amd64/jre/lib/amd64/libjava.so
7fbdd2d77000-7fbdd2d79000 rw-p 0002c000 08:08 2235389                    /usr/lib/jvm/java-7-openjdk-amd64/jre/lib/amd64/libjava.so
7fbdd2d79000-7fbdd2d89000 r-xp 00000000 08:08 2235390                    /usr/lib/jvm/java-7-openjdk-amd64/jre/lib/amd64/libverify.so
7fbdd2d89000-7fbdd2f88000 ---p 00010000 08:08 2235390                    /usr/lib/jvm/java-7-openjdk-amd64/jre/lib/amd64/libverify.so
7fbdd2f88000-7fbdd2f8a000 r--p 0000f000 08:08 2235390                    /usr/lib/jvm/java-7-openjdk-amd64/jre/lib/amd64/libverify.so
7fbdd2f8a000-7fbdd2f8b000 rw-p 00011000 08:08 2235390                    /usr/lib/jvm/java-7-openjdk-amd64/jre/lib/amd64/libverify.so
7fbdd2f8b000-7fbdd2f92000 r-xp 00000000 08:08 3933140                    /lib/x86_64-linux-gnu/librt-2.19.so
7fbdd2f92000-7fbdd3191000 ---p 00007000 08:08 3933140                    /lib/x86_64-linux-gnu/librt-2.19.so
7fbdd3191000-7fbdd3192000 r--p 00006000 08:08 3933140                    /lib/x86_64-linux-gnu/librt-2.19.so
7fbdd3192000-7fbdd3193000 rw-p 00007000 08:08 3933140                    /lib/x86_64-linux-gnu/librt-2.19.so
7fbdd3193000-7fbdd3196000 ---p 00000000 00:00 0 
7fbdd3196000-7fbdd4594000 rw-p 00000000 00:00 0                          [stack:24226]
7fbdd4594000-7fbdd45aa000 r-xp 00000000 08:08 3937368                    /lib/x86_64-linux-gnu/libgcc_s.so.1
7fbdd45aa000-7fbdd47a9000 ---p 00016000 08:08 3937368                    /lib/x86_64-linux-gnu/libgcc_s.so.1
7fbdd47a9000-7fbdd47aa000 rw-p 00015000 08:08 3937368                    /lib/x86_64-linux-gnu/libgcc_s.so.1
7fbdd47aa000-7fbdd48af000 r-xp 00000000 08:08 3932792                    /lib/x86_64-linux-gnu/libm-2.19.so
7fbdd48af000-7fbdd4aae000 ---p 00105000 08:08 3932792                    /lib/x86_64-linux-gnu/libm-2.19.so
7fbdd4aae000-7fbdd4aaf000 r--p 00104000 08:08 3932792                    /lib/x86_64-linux-gnu/libm-2.19.so
7fbdd4aaf000-7fbdd4ab0000 rw-p 00105000 08:08 3932792                    /lib/x86_64-linux-gnu/libm-2.19.so
7fbdd4ab0000-7fbdd4b96000 r-xp 00000000 08:08 918168                     /usr/lib/x86_64-linux-gnu/libstdc++.so.6.0.19
7fbdd4b96000-7fbdd4d95000 ---p 000e6000 08:08 918168                     /usr/lib/x86_64-linux-gnu/libstdc++.so.6.0.19
7fbdd4d95000-7fbdd4d9d000 r--p 000e5000 08:08 918168                     /usr/lib/x86_64-linux-gnu/libstdc++.so.6.0.19
7fbdd4d9d000-7fbdd4d9f000 rw-p 000ed000 08:08 918168                     /usr/lib/x86_64-linux-gnu/libstdc++.so.6.0.19
7fbdd4d9f000-7fbdd4db4000 rw-p 00000000 00:00 0 
7fbdd4db4000-7fbdd58d8000 r-xp 00000000 08:08 2235417                    /usr/lib/jvm/java-7-openjdk-amd64/jre/lib/amd64/server/libjvm.so
7fbdd58d8000-7fbdd5ad8000 ---p 00b24000 08:08 2235417                    /usr/lib/jvm/java-7-openjdk-amd64/jre/lib/amd64/server/libjvm.so
7fbdd5ad8000-7fbdd5b72000 r--p 00b24000 08:08 2235417                    /usr/lib/jvm/java-7-openjdk-amd64/jre/lib/amd64/server/libjvm.so
7fbdd5b72000-7fbdd5b95000 rw-p 00bbe000 08:08 2235417                    /usr/lib/jvm/java-7-openjdk-amd64/jre/lib/amd64/server/libjvm.so
7fbdd5b95000-7fbdd5bc3000 rw-p 00000000 00:00 0 
7fbdd5bc3000-7fbdd5bdb000 r-xp 00000000 08:08 3937564                    /lib/x86_64-linux-gnu/libz.so.1.2.8
7fbdd5bdb000-7fbdd5dda000 ---p 00018000 08:08 3937564                    /lib/x86_64-linux-gnu/libz.so.1.2.8
7fbdd5dda000-7fbdd5ddb000 r--p 00017000 08:08 3937564                    /lib/x86_64-linux-gnu/libz.so.1.2.8
7fbdd5ddb000-7fbdd5ddc000 rw-p 00018000 08:08 3937564                    /lib/x86_64-linux-gnu/libz.so.1.2.8
7fbdd5ddc000-7fbdd5df5000 r-xp 00000000 08:08 3933133                    /lib/x86_64-linux-gnu/libpthread-2.19.so
7fbdd5df5000-7fbdd5ff4000 ---p 00019000 08:08 3933133                    /lib/x86_64-linux-gnu/libpthread-2.19.so
7fbdd5ff4000-7fbdd5ff5000 r--p 00018000 08:08 3933133                    /lib/x86_64-linux-gnu/libpthread-2.19.so
7fbdd5ff5000-7fbdd5ff6000 rw-p 00019000 08:08 3933133                    /lib/x86_64-linux-gnu/libpthread-2.19.so
7fbdd5ff6000-7fbdd5ffa000 rw-p 00000000 00:00 0 
7fbdd5ffa000-7fbdd5ffd000 r-xp 00000000 08:08 3933121                    /lib/x86_64-linux-gnu/libdl-2.19.so
7fbdd5ffd000-7fbdd61fc000 ---p 00003000 08:08 3933121                    /lib/x86_64-linux-gnu/libdl-2.19.so
7fbdd61fc000-7fbdd61fd000 r--p 00002000 08:08 3933121                    /lib/x86_64-linux-gnu/libdl-2.19.so
7fbdd61fd000-7fbdd61fe000 rw-p 00003000 08:08 3933121                    /lib/x86_64-linux-gnu/libdl-2.19.so
7fbdd61fe000-7fbdd63b9000 r-xp 00000000 08:08 3933141                    /lib/x86_64-linux-gnu/libc-2.19.so
7fbdd63b9000-7fbdd65b8000 ---p 001bb000 08:08 3933141                    /lib/x86_64-linux-gnu/libc-2.19.so
7fbdd65b8000-7fbdd65bc000 r--p 001ba000 08:08 3933141                    /lib/x86_64-linux-gnu/libc-2.19.so
7fbdd65bc000-7fbdd65be000 rw-p 001be000 08:08 3933141                    /lib/x86_64-linux-gnu/libc-2.19.so
7fbdd65be000-7fbdd65c3000 rw-p 00000000 00:00 0 
7fbdd65c3000-7fbdd65d0000 r-xp 00000000 08:08 2237948                    /usr/lib/jvm/java-7-openjdk-amd64/jre/lib/amd64/jli/libjli.so
7fbdd65d0000-7fbdd67cf000 ---p 0000d000 08:08 2237948                    /usr/lib/jvm/java-7-openjdk-amd64/jre/lib/amd64/jli/libjli.so
7fbdd67cf000-7fbdd67d0000 r--p 0000c000 08:08 2237948                    /usr/lib/jvm/java-7-openjdk-amd64/jre/lib/amd64/jli/libjli.so
7fbdd67d0000-7fbdd67d1000 rw-p 0000d000 08:08 2237948                    /usr/lib/jvm/java-7-openjdk-amd64/jre/lib/amd64/jli/libjli.so
7fbdd67d1000-7fbdd67f4000 r-xp 00000000 08:08 3933134                    /lib/x86_64-linux-gnu/ld-2.19.so
7fbdd6800000-7fbdd68c6000 rw-p 00000000 00:00 0 
7fbdd68c6000-7fbdd690e000 rw-p 00000000 00:00 0 
7fbdd690e000-7fbdd6918000 rw-p 00000000 00:00 0 
7fbdd6918000-7fbdd69ce000 rw-p 00000000 00:00 0 
7fbdd69ce000-7fbdd69d4000 rw-p 00000000 00:00 0 
7fbdd69d4000-7fbdd69d5000 rw-p 00000000 00:00 0 
7fbdd69d5000-7fbdd69d9000 r--s 00034000 08:08 2237989                    /usr/lib/jvm/java-7-openjdk-amd64/jre/lib/ext/sunjce_provider.jar
7fbdd69d9000-7fbdd69db000 r--s 00012000 08:08 2237988                    /usr/lib/jvm/java-7-openjdk-amd64/jre/lib/ext/zipfs.jar
7fbdd69db000-7fbdd69df000 r--s 0003c000 08:08 2237992                    /usr/lib/jvm/java-7-openjdk-amd64/jre/lib/ext/sunpkcs11.jar
7fbdd69df000-7fbdd69e2000 r--s 0000f000 08:08 2237990                    /usr/lib/jvm/java-7-openjdk-amd64/jre/lib/ext/icedtea-sound.jar
7fbdd69e2000-7fbdd69e6000 r--s 00085000 08:08 2237991                    /usr/lib/jvm/java-7-openjdk-amd64/jre/lib/ext/localedata.jar
7fbdd69e6000-7fbdd69e7000 r--s 00002000 08:08 2237987                    /usr/lib/jvm/java-7-openjdk-amd64/jre/lib/ext/dnsns.jar
7fbdd69e7000-7fbdd69ef000 rw-s 00000000 08:08 2507265                    /tmp/hsperfdata_mbashari/24224
7fbdd69ef000-7fbdd69f0000 rw-p 00000000 00:00 0 
7fbdd69f0000-7fbdd69f1000 r--p 00000000 00:00 0 
7fbdd69f1000-7fbdd69f3000 rw-p 00000000 00:00 0 
7fbdd69f3000-7fbdd69f4000 r--p 00022000 08:08 3933134                    /lib/x86_64-linux-gnu/ld-2.19.so
7fbdd69f4000-7fbdd69f5000 rw-p 00023000 08:08 3933134                    /lib/x86_64-linux-gnu/ld-2.19.so
7fbdd69f5000-7fbdd69f6000 rw-p 00000000 00:00 0 
7ffc45967000-7ffc45988000 rw-p 00000000 00:00 0                          [stack]
7ffc459b0000-7ffc459b2000 r-xp 00000000 00:00 0                          [vdso]
ffffffffff600000-ffffffffff601000 r-xp 00000000 00:00 0                  [vsyscall]

VM Arguments:
jvm_args: -agentlib:jdwp=transport=dt_socket,suspend=y,address=localhost:39860 -Xmx1000M -Xss20M -Dfile.encoding=UTF-8 
java_command: edu.ls3.magus.cl.mashupconfigurator.App
Launcher Type: SUN_STANDARD

Environment Variables:
JAVA_HOME=/usr/lib/jvm/java-7-oracle
PATH=/usr/local/sbin:/usr/local/bin:/usr/sbin:/usr/bin:/sbin:/bin:/usr/games:/usr/local/games:/usr/lib/jvm/java-8-oracle/bin:/usr/lib/jvm/java-8-oracle/db/bin:/usr/lib/jvm/java-8-oracle/jre/bin
SHELL=/bin/bash
DISPLAY=:0.0

Signal Handlers:
SIGSEGV: [libjvm.so+0x9548f0], sa_mask[0]=0x7ffbfeff, sa_flags=0x10000004
SIGBUS: [libjvm.so+0x9548f0], sa_mask[0]=0x7ffbfeff, sa_flags=0x10000004
SIGFPE: [libjvm.so+0x7cb0b0], sa_mask[0]=0x7ffbfeff, sa_flags=0x10000004
SIGPIPE: [libjvm.so+0x7cb0b0], sa_mask[0]=0x7ffbfeff, sa_flags=0x10000004
SIGXFSZ: [libjvm.so+0x7cb0b0], sa_mask[0]=0x7ffbfeff, sa_flags=0x10000004
SIGILL: [libjvm.so+0x7cb0b0], sa_mask[0]=0x7ffbfeff, sa_flags=0x10000004
SIGUSR1: SIG_DFL, sa_mask[0]=0x00000000, sa_flags=0x00000000
SIGUSR2: [libjvm.so+0x7caf50], sa_mask[0]=0x00000004, sa_flags=0x10000004
SIGHUP: [libjvm.so+0x7cb130], sa_mask[0]=0x7ffbfeff, sa_flags=0x10000004
SIGINT: [libjvm.so+0x7cb130], sa_mask[0]=0x7ffbfeff, sa_flags=0x10000004
SIGTERM: [libjvm.so+0x7cb130], sa_mask[0]=0x7ffbfeff, sa_flags=0x10000004
SIGQUIT: [libjvm.so+0x7cb130], sa_mask[0]=0x7ffbfeff, sa_flags=0x10000004
SIGTRAP: SIG_DFL, sa_mask[0]=0x00000000, sa_flags=0x00000000


---------------  S Y S T E M  ---------------

OS:Ubuntu 14.04 (trusty)
uname:Linux 3.13.0-85-generic #129-Ubuntu SMP Thu Mar 17 20:50:15 UTC 2016 x86_64
libc:glibc 2.19 NPTL 2.19 
rlimit: STACK 8192k, CORE 0k, NPROC 61750, NOFILE 4096, AS infinity
load average:1.62 1.52 1.35

/proc/meminfo:
MemTotal:        8128996 kB
MemFree:         1346968 kB
Buffers:          482444 kB
Cached:          2283608 kB
SwapCached:            0 kB
Active:          4697800 kB
Inactive:        1522584 kB
Active(anon):    3456312 kB
Inactive(anon):    31880 kB
Active(file):    1241488 kB
Inactive(file):  1490704 kB
Unevictable:          32 kB
Mlocked:              32 kB
SwapTotal:       8337404 kB
SwapFree:        8337404 kB
Dirty:              1292 kB
Writeback:             0 kB
AnonPages:       3454368 kB
Mapped:           288716 kB
Shmem:             33864 kB
Slab:             295120 kB
SReclaimable:     249436 kB
SUnreclaim:        45684 kB
KernelStack:        5592 kB
PageTables:        40244 kB
NFS_Unstable:          0 kB
Bounce:                0 kB
WritebackTmp:          0 kB
CommitLimit:    12401900 kB
Committed_AS:    7886044 kB
VmallocTotal:   34359738367 kB
VmallocUsed:      105700 kB
VmallocChunk:   34359538168 kB
HardwareCorrupted:     0 kB
AnonHugePages:   1765376 kB
HugePages_Total:       0
HugePages_Free:        0
HugePages_Rsvd:        0
HugePages_Surp:        0
Hugepagesize:       2048 kB
DirectMap4k:       64868 kB
DirectMap2M:     8275968 kB


CPU:total 4 (4 cores per cpu, 1 threads per core) family 6 model 58 stepping 9, cmov, cx8, fxsr, mmx, sse, sse2, sse3, ssse3, sse4.1, sse4.2, popcnt, avx, aes, erms, tsc, tscinvbit, tscinv

/proc/cpuinfo:
processor	: 0
vendor_id	: GenuineIntel
cpu family	: 6
model		: 58
model name	: Intel(R) Core(TM) i5-3450 CPU @ 3.10GHz
stepping	: 9
microcode	: 0x15
cpu MHz		: 3101.000
cache size	: 6144 KB
physical id	: 0
siblings	: 4
core id		: 0
cpu cores	: 4
apicid		: 0
initial apicid	: 0
fpu		: yes
fpu_exception	: yes
cpuid level	: 13
wp		: yes
flags		: fpu vme de pse tsc msr pae mce cx8 apic sep mtrr pge mca cmov pat pse36 clflush dts acpi mmx fxsr sse sse2 ss ht tm pbe syscall nx rdtscp lm constant_tsc arch_perfmon pebs bts rep_good nopl xtopology nonstop_tsc aperfmperf eagerfpu pni pclmulqdq dtes64 monitor ds_cpl vmx est tm2 ssse3 cx16 xtpr pdcm pcid sse4_1 sse4_2 popcnt tsc_deadline_timer aes xsave avx f16c rdrand lahf_lm ida arat epb xsaveopt pln pts dtherm tpr_shadow vnmi flexpriority ept vpid fsgsbase smep erms
bogomips	: 6186.12
clflush size	: 64
cache_alignment	: 64
address sizes	: 36 bits physical, 48 bits virtual
power management:

processor	: 1
vendor_id	: GenuineIntel
cpu family	: 6
model		: 58
model name	: Intel(R) Core(TM) i5-3450 CPU @ 3.10GHz
stepping	: 9
microcode	: 0x15
cpu MHz		: 3101.000
cache size	: 6144 KB
physical id	: 0
siblings	: 4
core id		: 1
cpu cores	: 4
apicid		: 2
initial apicid	: 2
fpu		: yes
fpu_exception	: yes
cpuid level	: 13
wp		: yes
flags		: fpu vme de pse tsc msr pae mce cx8 apic sep mtrr pge mca cmov pat pse36 clflush dts acpi mmx fxsr sse sse2 ss ht tm pbe syscall nx rdtscp lm constant_tsc arch_perfmon pebs bts rep_good nopl xtopology nonstop_tsc aperfmperf eagerfpu pni pclmulqdq dtes64 monitor ds_cpl vmx est tm2 ssse3 cx16 xtpr pdcm pcid sse4_1 sse4_2 popcnt tsc_deadline_timer aes xsave avx f16c rdrand lahf_lm ida arat epb xsaveopt pln pts dtherm tpr_shadow vnmi flexpriority ept vpid fsgsbase smep erms
bogomips	: 6186.12
clflush size	: 64
cache_alignment	: 64
address sizes	: 36 bits physical, 48 bits virtual
power management:

processor	: 2
vendor_id	: GenuineIntel
cpu family	: 6
model		: 58
model name	: Intel(R) Core(TM) i5-3450 CPU @ 3.10GHz
stepping	: 9
microcode	: 0x15
cpu MHz		: 2700.000
cache size	: 6144 KB
physical id	: 0
siblings	: 4
core id		: 2
cpu cores	: 4
apicid		: 4
initial apicid	: 4
fpu		: yes
fpu_exception	: yes
cpuid level	: 13
wp		: yes
flags		: fpu vme de pse tsc msr pae mce cx8 apic sep mtrr pge mca cmov pat pse36 clflush dts acpi mmx fxsr sse sse2 ss ht tm pbe syscall nx rdtscp lm constant_tsc arch_perfmon pebs bts rep_good nopl xtopology nonstop_tsc aperfmperf eagerfpu pni pclmulqdq dtes64 monitor ds_cpl vmx est tm2 ssse3 cx16 xtpr pdcm pcid sse4_1 sse4_2 popcnt tsc_deadline_timer aes xsave avx f16c rdrand lahf_lm ida arat epb xsaveopt pln pts dtherm tpr_shadow vnmi flexpriority ept vpid fsgsbase smep erms
bogomips	: 6186.12
clflush size	: 64
cache_alignment	: 64
address sizes	: 36 bits physical, 48 bits virtual
power management:

processor	: 3
vendor_id	: GenuineIntel
cpu family	: 6
model		: 58
model name	: Intel(R) Core(TM) i5-3450 CPU @ 3.10GHz
stepping	: 9
microcode	: 0x15
cpu MHz		: 3101.000
cache size	: 6144 KB
physical id	: 0
siblings	: 4
core id		: 3
cpu cores	: 4
apicid		: 6
initial apicid	: 6
fpu		: yes
fpu_exception	: yes
cpuid level	: 13
wp		: yes
flags		: fpu vme de pse tsc msr pae mce cx8 apic sep mtrr pge mca cmov pat pse36 clflush dts acpi mmx fxsr sse sse2 ss ht tm pbe syscall nx rdtscp lm constant_tsc arch_perfmon pebs bts rep_good nopl xtopology nonstop_tsc aperfmperf eagerfpu pni pclmulqdq dtes64 monitor ds_cpl vmx est tm2 ssse3 cx16 xtpr pdcm pcid sse4_1 sse4_2 popcnt tsc_deadline_timer aes xsave avx f16c rdrand lahf_lm ida arat epb xsaveopt pln pts dtherm tpr_shadow vnmi flexpriority ept vpid fsgsbase smep erms
bogomips	: 6186.12
clflush size	: 64
cache_alignment	: 64
address sizes	: 36 bits physical, 48 bits virtual
power management:



Memory: 4k page, physical 8128996k(1346968k free), swap 8337404k(8337404k free)

vm_info: OpenJDK 64-Bit Server VM (24.95-b01) for linux-amd64 JRE (1.7.0_95-b00), built on Mar 24 2016 06:13:32 by "buildd" with gcc 4.8.2

time: Wed Apr 13 12:31:51 2016
elapsed time: 4 seconds

